2019-05-06 11:21:10  INFO - Neither @ContextConfiguration nor @ContextHierarchy found for test class [rtl.tot.corp.mrex.prcn.catalog.provider.ProviderCatalogApplicationTest], using SpringBootContextLoader - txEpd= txRef= cmRef= nodeRef= usrTx= rhsRef= commerce= country= 
2019-05-06 11:21:10  INFO - Could not detect default resource locations for test class [rtl.tot.corp.mrex.prcn.catalog.provider.ProviderCatalogApplicationTest]: no resource found for suffixes {-context.xml, Context.groovy}. - txEpd= txRef= cmRef= nodeRef= usrTx= rhsRef= commerce= country= 
2019-05-06 11:21:10  INFO - Could not detect default configuration classes for test class [rtl.tot.corp.mrex.prcn.catalog.provider.ProviderCatalogApplicationTest]: ProviderCatalogApplicationTest does not declare any static, non-private, non-final, nested classes annotated with @Configuration. - txEpd= txRef= cmRef= nodeRef= usrTx= rhsRef= commerce= country= 
2019-05-06 11:21:11  INFO - Found @SpringBootConfiguration rtl.tot.corp.mrex.prcn.catalog.provider.ProviderCatalogApplication for test class rtl.tot.corp.mrex.prcn.catalog.provider.ProviderCatalogApplicationTest - txEpd= txRef= cmRef= nodeRef= usrTx= rhsRef= commerce= country= 
2019-05-06 11:21:11  INFO - Loaded default TestExecutionListener class names from location [META-INF/spring.factories]: [org.springframework.boot.test.autoconfigure.restdocs.RestDocsTestExecutionListener, org.springframework.boot.test.autoconfigure.web.client.MockRestServiceServerResetTestExecutionListener, org.springframework.boot.test.autoconfigure.web.servlet.MockMvcPrintOnlyOnFailureTestExecutionListener, org.springframework.boot.test.autoconfigure.web.servlet.WebDriverTestExecutionListener, org.springframework.boot.test.mock.mockito.MockitoTestExecutionListener, org.springframework.boot.test.mock.mockito.ResetMocksTestExecutionListener, org.springframework.test.context.web.ServletTestExecutionListener, org.springframework.test.context.support.DirtiesContextBeforeModesTestExecutionListener, org.springframework.test.context.support.DependencyInjectionTestExecutionListener, org.springframework.test.context.support.DirtiesContextTestExecutionListener, org.springframework.test.context.transaction.TransactionalTestExecutionListener, org.springframework.test.context.jdbc.SqlScriptsTestExecutionListener] - txEpd= txRef= cmRef= nodeRef= usrTx= rhsRef= commerce= country= 
2019-05-06 11:21:11  INFO - Using TestExecutionListeners: [org.springframework.test.context.web.ServletTestExecutionListener@3e6a3ab8, org.springframework.test.context.support.DirtiesContextBeforeModesTestExecutionListener@5f70d96a, org.springframework.boot.test.mock.mockito.MockitoTestExecutionListener@19242092, org.springframework.boot.test.autoconfigure.SpringBootDependencyInjectionTestExecutionListener@6b0206f4, org.springframework.test.context.support.DirtiesContextTestExecutionListener@4525ed6, org.springframework.test.context.transaction.TransactionalTestExecutionListener@5db06cbf, org.springframework.test.context.jdbc.SqlScriptsTestExecutionListener@65a8f72b, org.springframework.boot.test.autoconfigure.restdocs.RestDocsTestExecutionListener@1e6668cc, org.springframework.boot.test.autoconfigure.web.client.MockRestServiceServerResetTestExecutionListener@8543138, org.springframework.boot.test.autoconfigure.web.servlet.MockMvcPrintOnlyOnFailureTestExecutionListener@565f7119, org.springframework.boot.test.autoconfigure.web.servlet.WebDriverTestExecutionListener@746cd556, org.springframework.boot.test.mock.mockito.ResetMocksTestExecutionListener@59e1e31f] - txEpd= txRef= cmRef= nodeRef= usrTx= rhsRef= commerce= country= 
2019-05-06 11:21:12  WARN - 

Found multiple occurrences of org.json.JSONObject on the class path:

	jar:file:/C:/Users/JoseCarlos/.gradle/caches/modules-2/files-2.1/com.vaadin.external.google/android-json/0.0.20131108.vaadin1/fa26d351fe62a6a17f5cda1287c1c6110dec413f/android-json-0.0.20131108.vaadin1.jar!/org/json/JSONObject.class
	jar:file:/C:/Users/JoseCarlos/.gradle/caches/modules-2/files-2.1/org.json/json/20171018/36ced462c97f0845b4a7b266a25cebe95d18baa3/json-20171018.jar!/org/json/JSONObject.class

You may wish to exclude one of them to ensure predictable runtime behavior
 - txEpd= txRef= cmRef= nodeRef= usrTx= rhsRef= commerce= country= 
2019-05-06 11:21:12  INFO - Starting ProviderCatalogApplicationTest on JoseCarlos-PC with PID 8024 (started by JoseCarlos in E:\trabajo\workspace\proveedor-catalog) - txEpd= txRef= cmRef= nodeRef= usrTx= rhsRef= commerce= country= 
2019-05-06 11:21:12  INFO - No active profile set, falling back to default profiles: default - txEpd= txRef= cmRef= nodeRef= usrTx= rhsRef= commerce= country= 
2019-05-06 11:21:14  INFO - Bootstrapping Spring Data repositories in DEFAULT mode. - txEpd= txRef= cmRef= nodeRef= usrTx= rhsRef= commerce= country= 
2019-05-06 11:21:14  INFO - Finished Spring Data repository scanning in 109ms. Found 1 repository interfaces. - txEpd= txRef= cmRef= nodeRef= usrTx= rhsRef= commerce= country= 
2019-05-06 11:21:15  INFO - Creating MessagingFactory to namespace 'sb://ttotus-bus.servicebus.windows.net/' - txEpd= txRef= cmRef= nodeRef= usrTx= rhsRef= commerce= country= 
2019-05-06 11:21:15  INFO - Creating messaging factory from namespace endpoint uri 'sb://ttotus-bus.servicebus.windows.net/' - txEpd= txRef= cmRef= nodeRef= usrTx= rhsRef= commerce= country= 
2019-05-06 11:21:15  INFO - Creating and starting reactor - txEpd= txRef= cmRef= nodeRef= usrTx= rhsRef= commerce= country= 
2019-05-06 11:21:16  INFO - starting reactor instance. - txEpd= txRef= cmRef= nodeRef= usrTx= rhsRef= commerce= country= 
2019-05-06 11:21:16  INFO - Started reactor - txEpd= txRef= cmRef= nodeRef= usrTx= rhsRef= commerce= country= 
2019-05-06 11:21:16  INFO - Creating connection to host 'ttotus-bus.servicebus.windows.net:5671' - txEpd= txRef= cmRef= nodeRef= usrTx= rhsRef= commerce= country= 
2019-05-06 11:21:22  INFO - MessagingFactory opened. - txEpd= txRef= cmRef= nodeRef= usrTx= rhsRef= commerce= country= 
2019-05-06 11:21:22  INFO - Connection opened to host. - txEpd= txRef= cmRef= nodeRef= usrTx= rhsRef= commerce= country= 
2019-05-06 11:21:22  INFO - Created MessagingFactory to namespace 'sb://ttotus-bus.servicebus.windows.net/' - txEpd= txRef= cmRef= nodeRef= usrTx= rhsRef= commerce= country= 
2019-05-06 11:21:22  INFO - Creating MessageSender to entity 'topic-product' - txEpd= txRef= cmRef= nodeRef= usrTx= rhsRef= commerce= country= 
2019-05-06 11:21:22  INFO - Creating CBS link to $cbs - txEpd= txRef= cmRef= nodeRef= usrTx= rhsRef= commerce= country= 
2019-05-06 11:21:22  INFO - Creating core message sender to 'topic-product' - txEpd= txRef= cmRef= nodeRef= usrTx= rhsRef= commerce= country= 
2019-05-06 11:21:22  INFO - Opened requestresponselink to $cbs - txEpd= txRef= cmRef= nodeRef= usrTx= rhsRef= commerce= country= 
2019-05-06 11:21:22  INFO - Created CBS link to $cbs - txEpd= txRef= cmRef= nodeRef= usrTx= rhsRef= commerce= country= 
2019-05-06 11:21:22  INFO - Creating send link to 'topic-product' - txEpd= txRef= cmRef= nodeRef= usrTx= rhsRef= commerce= country= 
2019-05-06 11:21:22  INFO - Opened send link to 'topic-product' - txEpd= txRef= cmRef= nodeRef= usrTx= rhsRef= commerce= country= 
2019-05-06 11:21:22  INFO - Created MessageSender to entity 'topic-product' - txEpd= txRef= cmRef= nodeRef= usrTx= rhsRef= commerce= country= 
2019-05-06 11:21:22  INFO - Created topic client to connection string 'Endpoint=sb://ttotus-bus.servicebus.windows.net/;EntityPath=topic-product;' - txEpd= txRef= cmRef= nodeRef= usrTx= rhsRef= commerce= country= 
2019-05-06 11:21:23  INFO - Cluster created with settings {hosts=[cosmosdbsf.documents.azure.com:10255], mode=MULTIPLE, requiredClusterType=REPLICA_SET, serverSelectionTimeout='30000 ms', maxWaitQueueSize=500, requiredReplicaSetName='globaldb'} - txEpd= txRef= cmRef= nodeRef= usrTx= rhsRef= commerce= country= 
2019-05-06 11:21:23  INFO - Adding discovered server cosmosdbsf.documents.azure.com:10255 to client view of cluster - txEpd= txRef= cmRef= nodeRef= usrTx= rhsRef= commerce= country= 
2019-05-06 11:21:25  INFO - Opened connection [connectionId{localValue:1, serverValue:-1853684203}] to cosmosdbsf.documents.azure.com:10255 - txEpd= txRef= cmRef= nodeRef= usrTx= rhsRef= commerce= country= 
2019-05-06 11:21:25  INFO - Mapped URL path [/v2/api-docs] onto method [public org.springframework.http.ResponseEntity<springfox.documentation.spring.web.json.Json> springfox.documentation.swagger2.web.Swagger2Controller.getDocumentation(java.lang.String,javax.servlet.http.HttpServletRequest)] - txEpd= txRef= cmRef= nodeRef= usrTx= rhsRef= commerce= country= 
2019-05-06 11:21:25  INFO - Monitor thread successfully connected to server with description ServerDescription{address=cosmosdbsf.documents.azure.com:10255, type=REPLICA_SET_PRIMARY, state=CONNECTED, ok=true, version=ServerVersion{versionList=[3, 2, 0]}, minWireVersion=0, maxWireVersion=2, maxDocumentSize=16777216, logicalSessionTimeoutMinutes=null, roundTripTimeNanos=167189001, setName='globaldb', canonicalAddress=cdb-ms-prod-eastus1-fd19.documents.azure.com:10255, hosts=[cdb-ms-prod-eastus1-fd19.documents.azure.com:10255], passives=[], arbiters=[], primary='cdb-ms-prod-eastus1-fd19.documents.azure.com:10255', tagSet=TagSet{[]}, electionId=null, setVersion=1, lastWriteDate=null, lastUpdateTimeNanos=6062636304470} - txEpd= txRef= cmRef= nodeRef= usrTx= rhsRef= commerce= country= 
2019-05-06 11:21:25  INFO - Adding discovered server cdb-ms-prod-eastus1-fd19.documents.azure.com:10255 to client view of cluster - txEpd= txRef= cmRef= nodeRef= usrTx= rhsRef= commerce= country= 
2019-05-06 11:21:25  INFO - Server cosmosdbsf.documents.azure.com:10255 is no longer a member of the replica set.  Removing from client view of cluster. - txEpd= txRef= cmRef= nodeRef= usrTx= rhsRef= commerce= country= 
2019-05-06 11:21:25  INFO - Canonical address cdb-ms-prod-eastus1-fd19.documents.azure.com:10255 does not match server address.  Removing cosmosdbsf.documents.azure.com:10255 from client view of cluster - txEpd= txRef= cmRef= nodeRef= usrTx= rhsRef= commerce= country= 
2019-05-06 11:21:26  INFO - Initializing ExecutorService 'applicationTaskExecutor' - txEpd= txRef= cmRef= nodeRef= usrTx= rhsRef= commerce= country= 
2019-05-06 11:21:27  INFO - Context refreshed - txEpd= txRef= cmRef= nodeRef= usrTx= rhsRef= commerce= country= 
2019-05-06 11:21:27  INFO - Found 1 custom documentation plugin(s) - txEpd= txRef= cmRef= nodeRef= usrTx= rhsRef= commerce= country= 
2019-05-06 11:21:27  INFO - Scanning for api listing references - txEpd= txRef= cmRef= nodeRef= usrTx= rhsRef= commerce= country= 
2019-05-06 11:21:27  INFO - Started ProviderCatalogApplicationTest in 16.364 seconds (JVM running for 18.953) - txEpd= txRef= cmRef= nodeRef= usrTx= rhsRef= commerce= country= 
2019-05-06 11:21:28  INFO - Shutting down ExecutorService 'applicationTaskExecutor' - txEpd= txRef= cmRef= nodeRef= usrTx= rhsRef= commerce= country= 
